<?xml version="1.0" encoding="UTF-8"?>
<testsuite name="org.example.SILab2Test" tests="1" skipped="0" failures="0" errors="0" timestamp="2023-05-26T23:53:02" hostname="DESKTOP-MH0P0VS" time="0.022">
  <properties/>
  <testcase name="everyBranchTest()" classname="org.example.SILab2Test" time="0.022"/>
  <system-out><![CDATA[]]></system-out>
  <system-err><![CDATA[]]></system-err>
</testsuite>
